[06/11/20 22:55:20] [INFO] changed log level from 'warning, error' to 'debug, info, warning, error'
[06/11/20 22:55:20] [DEBUG] mysql_connect("localhost", "root", "*****", "test", 0) (C:\Users\jasin\Desktop\SARP\gamemodes\test.pwn:28 -> C:\Users\jasin\Desktop\SARP\dependencies\.resources\sscanf-019253\sscanf2.inc:210)
[06/11/20 22:55:20] [DEBUG] CHandleManager::Create(this=0x6fda08, host='localhost', user='root', pass='****', db='test', options=0x6f1ea0)
[06/11/20 22:55:20] [INFO] Creating new connection handle...
[06/11/20 22:55:20] [DEBUG] CConnection::CConnection(this=0x6fff60, host='localhost', user='root', passw='****', db='test', options=0x6f1ea0)
[06/11/20 22:55:20] [DEBUG] CConnection::CConnection - new connection = 0x714c48
[06/11/20 22:55:20] [DEBUG] CConnection::CConnection(this=0x4196020, host='localhost', user='root', passw='****', db='test', options=0x6f1ea0)
[06/11/20 22:55:20] [DEBUG] CConnection::CConnection - new connection = 0x71fc70
[06/11/20 22:55:20] [DEBUG] CThreadedConnection::WorkerFunc(this=0x4196020, connection=0x4196020)
[06/11/20 22:55:20] [DEBUG] CThreadedConnection::CThreadedConnection(this=0x4196020, connection=0x4196020)
[06/11/20 22:55:20] [DEBUG] CConnectionPool::CConnectionPool(size=2, this=0x700a60)
[06/11/20 22:55:20] [DEBUG] CConnection::CConnection(this=0x4366020, host='localhost', user='root', passw='****', db='test', options=0x6f1ea0)
[06/11/20 22:55:20] [DEBUG] CConnection::CConnection - new connection = 0x7296a0
[06/11/20 22:55:20] [DEBUG] CThreadedConnection::CThreadedConnection(this=0x4366020, connection=0x4366020)
[06/11/20 22:55:20] [DEBUG] CThreadedConnection::WorkerFunc(this=0x4366020, connection=0x4366020)
[06/11/20 22:55:20] [DEBUG] CConnection::CConnection(this=0x4530020, host='localhost', user='root', passw='****', db='test', options=0x6f1ea0)
[06/11/20 22:55:20] [DEBUG] CConnection::CConnection - new connection = 0x7325d8
[06/11/20 22:55:20] [DEBUG] CThreadedConnection::WorkerFunc(this=0x4530020, connection=0x4530020)
[06/11/20 22:55:20] [DEBUG] CThreadedConnection::CThreadedConnection(this=0x4530020, connection=0x4530020)
[06/11/20 22:55:20] [INFO] Connection handle with id '1' successfully created.
[06/11/20 22:55:20] [DEBUG] CHandleManager::Create - new handle = 0x6f86f0
[06/11/20 22:55:20] [DEBUG] mysql_connect: return value: '1' (C:\Users\jasin\Desktop\SARP\gamemodes\test.pwn:28 -> C:\Users\jasin\Desktop\SARP\dependencies\.resources\sscanf-019253\sscanf2.inc:210)
[06/11/20 22:55:20] [DEBUG] mysql_pquery(1, "SELECT * FROM houses ORDER BY id ASC", "SQL_LoadServerHouses", "") (../gamemodes/Includes/Properties/Houses.pwn:5 -> C:\Users\jasin\Desktop\SARP\gamemodes\test.pwn:33 -> C:\Users\jasin\Desktop\SARP\dependencies\.resources\sscanf-019253\sscanf2.inc:210)
[06/11/20 22:55:20] [DEBUG] CCallback::Create(amx=0x293a1e8, name='SQL_LoadServerHouses', format='', params=0x2ab500c, param_offset=5)
[06/11/20 22:55:20] [DEBUG] CCallback::Create - callback index for 'SQL_LoadServerHouses': 25
[06/11/20 22:55:20] [INFO] Callback 'SQL_LoadServerHouses' set up for delayed execution.
[06/11/20 22:55:20] [DEBUG] created delayed callback with 0 parameter
[06/11/20 22:55:20] [DEBUG] CHandle::Execute(this=0x6f86f0, type=2, query=0x715460)
[06/11/20 22:55:20] [DEBUG] CConnectionPool::Queue(query=0x715460, this=0x700a60)
[06/11/20 22:55:20] [DEBUG] CHandle::Execute - return value: true
[06/11/20 22:55:20] [DEBUG] mysql_pquery: return value: '1' (../gamemodes/Includes/Properties/Houses.pwn:5 -> C:\Users\jasin\Desktop\SARP\gamemodes\test.pwn:33 -> C:\Users\jasin\Desktop\SARP\dependencies\.resources\sscanf-019253\sscanf2.inc:210)
[06/11/20 22:55:20] [DEBUG] CConnection::Execute(query=0x715460, this=0x4366020, connection=0x7296a0)
[06/11/20 22:55:20] [DEBUG] CQuery::Execute(this=0x715460, connection=0x7296a0)
[06/11/20 22:55:20] [INFO] query "SELECT * FROM houses ORDER BY id ASC" successfully executed within 0.621 milliseconds
[06/11/20 22:55:20] [DEBUG] CResultSet::Create(connection=0x7296a0, query_str='SELECT * FROM houses ORDER BY id ASC')
[06/11/20 22:55:20] [DEBUG] created new resultset '0x73ba90'
[06/11/20 22:55:20] [DEBUG] fetched MySQL result '0x6f9dd0'
[06/11/20 22:55:20] [DEBUG] allocated 592 bytes for PAWN result
[06/11/20 22:55:25] [DEBUG] CCallback::Execute(amx=0x293a1e8, index=25, num_params=0)
[06/11/20 22:55:25] [INFO] Executing callback 'SQL_LoadServerHouses' with 0 parameter...
[06/11/20 22:55:25] [DEBUG] executing AMX callback with index '25'
[06/11/20 22:55:26] [DEBUG] cache_get_row_count(0x02AB504C) (C:\Users\jasin\Desktop\SARP\dependencies\.resources\SA-MP-MySQL-74cb22\a_mysql.inc:182 -> ../gamemodes/Includes/Properties/Houses.pwn:9)
[06/11/20 22:55:26] [DEBUG] cache_get_row_count: return value: '1' (C:\Users\jasin\Desktop\SARP\dependencies\.resources\SA-MP-MySQL-74cb22\a_mysql.inc:182 -> ../gamemodes/Includes/Properties/Houses.pwn:9)
[06/11/20 22:55:26] [DEBUG] cache_get_row_count(0x02AB5058) (../gamemodes/Includes/Properties/Houses.pwn:13)
[06/11/20 22:55:26] [DEBUG] cache_get_row_count: return value: '1' (../gamemodes/Includes/Properties/Houses.pwn:13)
[06/11/20 22:55:26] [DEBUG] cache_get_field_count(0x02AB5054) (../gamemodes/Includes/Properties/Houses.pwn:14)
[06/11/20 22:55:26] [DEBUG] cache_get_field_count: return value: '1' (../gamemodes/Includes/Properties/Houses.pwn:14)
[06/11/20 22:55:26] [DEBUG] cache_get_value_name_int(0, "id", 0x02A92D18) (../gamemodes/Includes/Properties/Houses.pwn:17)
[06/11/20 22:55:26] [DEBUG] cache_get_value_name_int: assigned value: '1' (../gamemodes/Includes/Properties/Houses.pwn:17)
[06/11/20 22:55:26] [DEBUG] cache_get_value_name_int: return value: '1' (../gamemodes/Includes/Properties/Houses.pwn:17)
[06/11/20 22:55:26] [DEBUG] cache_get_value_name_int(0, "OwnerID", 0x02A92D1C) (../gamemodes/Includes/Properties/Houses.pwn:18)
[06/11/20 22:55:26] [ERROR] cache_get_value_name_int: field 'OwnerID' not found (../gamemodes/Includes/Properties/Houses.pwn:18)
[06/11/20 22:55:26] [DEBUG] cache_get_value_name(0, "Name", 0x02A92D20, 40) (../gamemodes/Includes/Properties/Houses.pwn:19)
[06/11/20 22:55:26] [DEBUG] cache_get_value_name: assigned value: 'Test' (../gamemodes/Includes/Properties/Houses.pwn:19)
[06/11/20 22:55:26] [DEBUG] cache_get_value_name: return value: '1' (../gamemodes/Includes/Properties/Houses.pwn:19)
[06/11/20 22:55:26] [DEBUG] cache_get_value_name_float(0, "ExtX", 0x02A92DC0) (../gamemodes/Includes/Properties/Houses.pwn:21)
[06/11/20 22:55:26] [DEBUG] cache_get_value_name_float: assigned value: '0' (../gamemodes/Includes/Properties/Houses.pwn:21)
[06/11/20 22:55:27] [DEBUG] cache_get_value_name_float: return value: '1' (../gamemodes/Includes/Properties/Houses.pwn:21)
[06/11/20 22:55:27] [DEBUG] cache_get_value_name_float(0, "ExtY", 0x02A92DC4) (../gamemodes/Includes/Properties/Houses.pwn:22)
[06/11/20 22:55:27] [DEBUG] cache_get_value_name_float: assigned value: '0' (../gamemodes/Includes/Properties/Houses.pwn:22)
[06/11/20 22:55:27] [DEBUG] cache_get_value_name_float: return value: '1' (../gamemodes/Includes/Properties/Houses.pwn:22)
[06/11/20 22:55:27] [DEBUG] cache_get_value_name_float(0, "ExtZ", 0x02A92DC8) (../gamemodes/Includes/Properties/Houses.pwn:23)
[06/11/20 22:55:27] [DEBUG] cache_get_value_name_float: assigned value: '0' (../gamemodes/Includes/Properties/Houses.pwn:23)
[06/11/20 22:55:27] [DEBUG] cache_get_value_name_float: return value: '1' (../gamemodes/Includes/Properties/Houses.pwn:23)
[06/11/20 22:55:27] [DEBUG] cache_get_value_name_float(0, "ExtA", 0x02A92DCC) (../gamemodes/Includes/Properties/Houses.pwn:24)
[06/11/20 22:55:27] [DEBUG] cache_get_value_name_float: assigned value: '0' (../gamemodes/Includes/Properties/Houses.pwn:24)
[06/11/20 22:55:27] [DEBUG] cache_get_value_name_float: return value: '1' (../gamemodes/Includes/Properties/Houses.pwn:24)
[06/11/20 22:55:27] [DEBUG] cache_get_value_name_float(0, "IntX", 0x02A92DD0) (../gamemodes/Includes/Properties/Houses.pwn:25)
[06/11/20 22:55:27] [DEBUG] cache_get_value_name_float: assigned value: '0' (../gamemodes/Includes/Properties/Houses.pwn:25)
[06/11/20 22:55:27] [DEBUG] cache_get_value_name_float: return value: '1' (../gamemodes/Includes/Properties/Houses.pwn:25)
[06/11/20 22:55:27] [DEBUG] cache_get_value_name_float(0, "IntY", 0x02A92DD4) (../gamemodes/Includes/Properties/Houses.pwn:26)
[06/11/20 22:55:27] [DEBUG] cache_get_value_name_float: assigned value: '0' (../gamemodes/Includes/Properties/Houses.pwn:26)
[06/11/20 22:55:27] [DEBUG] cache_get_value_name_float: return value: '1' (../gamemodes/Includes/Properties/Houses.pwn:26)
[06/11/20 22:55:27] [DEBUG] cache_get_value_name_float(0, "IntZ", 0x02A92DD8) (../gamemodes/Includes/Properties/Houses.pwn:27)
[06/11/20 22:55:27] [DEBUG] cache_get_value_name_float: assigned value: '0' (../gamemodes/Includes/Properties/Houses.pwn:27)
[06/11/20 22:55:27] [DEBUG] cache_get_value_name_float: return value: '1' (../gamemodes/Includes/Properties/Houses.pwn:27)
[06/11/20 22:55:27] [DEBUG] cache_get_value_name_float(0, "IntA", 0x02A92DDC) (../gamemodes/Includes/Properties/Houses.pwn:28)
[06/11/20 22:55:27] [DEBUG] cache_get_value_name_float: assigned value: '0' (../gamemodes/Includes/Properties/Houses.pwn:28)
[06/11/20 22:55:27] [DEBUG] cache_get_value_name_float: return value: '1' (../gamemodes/Includes/Properties/Houses.pwn:28)
[06/11/20 22:55:27] [DEBUG] cache_get_value_name_int(0, "IntID", 0x02A92DE0) (../gamemodes/Includes/Properties/Houses.pwn:30)
[06/11/20 22:55:27] [DEBUG] cache_get_value_name_int: assigned value: '0' (../gamemodes/Includes/Properties/Houses.pwn:30)
[06/11/20 22:55:27] [DEBUG] cache_get_value_name_int: return value: '1' (../gamemodes/Includes/Properties/Houses.pwn:30)
[06/11/20 22:55:27] [DEBUG] cache_get_value_name_int(0, "Price", 0x02A92DE4) (../gamemodes/Includes/Properties/Houses.pwn:31)
[06/11/20 22:55:27] [DEBUG] cache_get_value_name_int: assigned value: '999' (../gamemodes/Includes/Properties/Houses.pwn:31)
[06/11/20 22:55:27] [DEBUG] cache_get_value_name_int: return value: '1' (../gamemodes/Includes/Properties/Houses.pwn:31)
[06/11/20 22:55:27] [DEBUG] cache_get_value_name_int(0, "Pickup", 0x02A92DE8) (../gamemodes/Includes/Properties/Houses.pwn:32)
[06/11/20 22:55:27] [ERROR] cache_get_value_name_int: field 'Pickup' not found (../gamemodes/Includes/Properties/Houses.pwn:32)
[06/11/20 22:55:27] [DEBUG] cache_get_value_name_int(1, "id", 0x02A92DF0) (../gamemodes/Includes/Properties/Houses.pwn:17)
[06/11/20 22:55:27] [DEBUG] cache_get_value_name_int: assigned value: '2' (../gamemodes/Includes/Properties/Houses.pwn:17)
[06/11/20 22:55:27] [DEBUG] cache_get_value_name_int: return value: '1' (../gamemodes/Includes/Properties/Houses.pwn:17)
[06/11/20 22:55:27] [DEBUG] cache_get_value_name_int(1, "OwnerID", 0x02A92DF4) (../gamemodes/Includes/Properties/Houses.pwn:18)
[06/11/20 22:55:27] [ERROR] cache_get_value_name_int: field 'OwnerID' not found (../gamemodes/Includes/Properties/Houses.pwn:18)
[06/11/20 22:55:27] [DEBUG] cache_get_value_name(1, "Name", 0x02A92DF8, 40) (../gamemodes/Includes/Properties/Houses.pwn:19)
[06/11/20 22:55:27] [DEBUG] cache_get_value_name: assigned value: 'Test' (../gamemodes/Includes/Properties/Houses.pwn:19)
[06/11/20 22:55:27] [DEBUG] cache_get_value_name: return value: '1' (../gamemodes/Includes/Properties/Houses.pwn:19)
[06/11/20 22:55:27] [DEBUG] cache_get_value_name_float(1, "ExtX", 0x02A92E98) (../gamemodes/Includes/Properties/Houses.pwn:21)
[06/11/20 22:55:27] [DEBUG] cache_get_value_name_float: assigned value: '1613.85' (../gamemodes/Includes/Properties/Houses.pwn:21)
[06/11/20 22:55:27] [DEBUG] cache_get_value_name_float: return value: '1' (../gamemodes/Includes/Properties/Houses.pwn:21)
[06/11/20 22:55:27] [DEBUG] cache_get_value_name_float(1, "ExtY", 0x02A92E9C) (../gamemodes/Includes/Properties/Houses.pwn:22)
[06/11/20 22:55:27] [DEBUG] cache_get_value_name_float: assigned value: '-2246.59' (../gamemodes/Includes/Properties/Houses.pwn:22)
[06/11/20 22:55:27] [DEBUG] cache_get_value_name_float: return value: '1' (../gamemodes/Includes/Properties/Houses.pwn:22)
[06/11/20 22:55:27] [DEBUG] cache_get_value_name_float(1, "ExtZ", 0x02A92EA0) (../gamemodes/Includes/Properties/Houses.pwn:23)
[06/11/20 22:55:27] [DEBUG] cache_get_value_name_float: assigned value: '-2.71867' (../gamemodes/Includes/Properties/Houses.pwn:23)
[06/11/20 22:55:27] [DEBUG] cache_get_value_name_float: return value: '1' (../gamemodes/Includes/Properties/Houses.pwn:23)
[06/11/20 22:55:27] [DEBUG] cache_get_value_name_float(1, "ExtA", 0x02A92EA4) (../gamemodes/Includes/Properties/Houses.pwn:24)
[06/11/20 22:55:27] [DEBUG] cache_get_value_name_float: assigned value: '163.487' (../gamemodes/Includes/Properties/Houses.pwn:24)
[06/11/20 22:55:27] [DEBUG] cache_get_value_name_float: return value: '1' (../gamemodes/Includes/Properties/Houses.pwn:24)
[06/11/20 22:55:27] [DEBUG] cache_get_value_name_float(1, "IntX", 0x02A92EA8) (../gamemodes/Includes/Properties/Houses.pwn:25)
[06/11/20 22:55:27] [DEBUG] cache_get_value_name_float: assigned value: '1613.72' (../gamemodes/Includes/Properties/Houses.pwn:25)
[06/11/20 22:55:27] [DEBUG] cache_get_value_name_float: return value: '1' (../gamemodes/Includes/Properties/Houses.pwn:25)
[06/11/20 22:55:27] [DEBUG] cache_get_value_name_float(1, "IntY", 0x02A92EAC) (../gamemodes/Includes/Properties/Houses.pwn:26)
[06/11/20 22:55:27] [DEBUG] cache_get_value_name_float: assigned value: '-2247.04' (../gamemodes/Includes/Properties/Houses.pwn:26)
[06/11/20 22:55:27] [DEBUG] cache_get_value_name_float: return value: '1' (../gamemodes/Includes/Properties/Houses.pwn:26)
[06/11/20 22:55:27] [DEBUG] cache_get_value_name_float(1, "IntZ", 0x02A92EB0) (../gamemodes/Includes/Properties/Houses.pwn:27)
[06/11/20 22:55:27] [DEBUG] cache_get_value_name_float: assigned value: '-2.71059' (../gamemodes/Includes/Properties/Houses.pwn:27)
[06/11/20 22:55:27] [DEBUG] cache_get_value_name_float: return value: '1' (../gamemodes/Includes/Properties/Houses.pwn:27)
[06/11/20 22:55:27] [DEBUG] cache_get_value_name_float(1, "IntA", 0x02A92EB4) (../gamemodes/Includes/Properties/Houses.pwn:28)
[06/11/20 22:55:27] [DEBUG] cache_get_value_name_float: assigned value: '163.488' (../gamemodes/Includes/Properties/Houses.pwn:28)
[06/11/20 22:55:27] [DEBUG] cache_get_value_name_float: return value: '1' (../gamemodes/Includes/Properties/Houses.pwn:28)
[06/11/20 22:55:27] [DEBUG] cache_get_value_name_int(1, "IntID", 0x02A92EB8) (../gamemodes/Includes/Properties/Houses.pwn:30)
[06/11/20 22:55:27] [DEBUG] cache_get_value_name_int: assigned value: '0' (../gamemodes/Includes/Properties/Houses.pwn:30)
[06/11/20 22:55:27] [DEBUG] cache_get_value_name_int: return value: '1' (../gamemodes/Includes/Properties/Houses.pwn:30)
[06/11/20 22:55:27] [DEBUG] cache_get_value_name_int(1, "Price", 0x02A92EBC) (../gamemodes/Includes/Properties/Houses.pwn:31)
[06/11/20 22:55:27] [DEBUG] cache_get_value_name_int: assigned value: '99999' (../gamemodes/Includes/Properties/Houses.pwn:31)
[06/11/20 22:55:27] [DEBUG] cache_get_value_name_int: return value: '1' (../gamemodes/Includes/Properties/Houses.pwn:31)
[06/11/20 22:55:27] [DEBUG] cache_get_value_name_int(1, "Pickup", 0x02A92EC0) (../gamemodes/Includes/Properties/Houses.pwn:32)
[06/11/20 22:55:27] [ERROR] cache_get_value_name_int: field 'Pickup' not found (../gamemodes/Includes/Properties/Houses.pwn:32)
[06/11/20 22:55:27] [DEBUG] cache_get_value_name_int(2, "id", 0x02A92EC8) (../gamemodes/Includes/Properties/Houses.pwn:17)
[06/11/20 22:55:27] [DEBUG] cache_get_value_name_int: assigned value: '3' (../gamemodes/Includes/Properties/Houses.pwn:17)
[06/11/20 22:55:27] [DEBUG] cache_get_value_name_int: return value: '1' (../gamemodes/Includes/Properties/Houses.pwn:17)
[06/11/20 22:55:27] [DEBUG] cache_get_value_name_int(2, "OwnerID", 0x02A92ECC) (../gamemodes/Includes/Properties/Houses.pwn:18)
[06/11/20 22:55:27] [ERROR] cache_get_value_name_int: field 'OwnerID' not found (../gamemodes/Includes/Properties/Houses.pwn:18)
[06/11/20 22:55:27] [DEBUG] cache_get_value_name(2, "Name", 0x02A92ED0, 40) (../gamemodes/Includes/Properties/Houses.pwn:19)
[06/11/20 22:55:27] [DEBUG] cache_get_value_name: assigned value: 'Test' (../gamemodes/Includes/Properties/Houses.pwn:19)
[06/11/20 22:55:27] [DEBUG] cache_get_value_name: return value: '1' (../gamemodes/Includes/Properties/Houses.pwn:19)
[06/11/20 22:55:27] [DEBUG] cache_get_value_name_float(2, "ExtX", 0x02A92F70) (../gamemodes/Includes/Properties/Houses.pwn:21)
[06/11/20 22:55:27] [DEBUG] cache_get_value_name_float: assigned value: '1434.13' (../gamemodes/Includes/Properties/Houses.pwn:21)
[06/11/20 22:55:27] [DEBUG] cache_get_value_name_float: return value: '1' (../gamemodes/Includes/Properties/Houses.pwn:21)
[06/11/20 22:55:27] [DEBUG] cache_get_value_name_float(2, "ExtY", 0x02A92F74) (../gamemodes/Includes/Properties/Houses.pwn:22)
[06/11/20 22:55:27] [DEBUG] cache_get_value_name_float: assigned value: '-2162.12' (../gamemodes/Includes/Properties/Houses.pwn:22)
[06/11/20 22:55:27] [DEBUG] cache_get_value_name_float: return value: '1' (../gamemodes/Includes/Properties/Houses.pwn:22)
[06/11/20 22:55:27] [DEBUG] cache_get_value_name_float(2, "ExtZ", 0x02A92F78) (../gamemodes/Includes/Properties/Houses.pwn:23)
[06/11/20 22:55:27] [DEBUG] cache_get_value_name_float: assigned value: '13.5469' (../gamemodes/Includes/Properties/Houses.pwn:23)
[06/11/20 22:55:27] [DEBUG] cache_get_value_name_float: return value: '1' (../gamemodes/Includes/Properties/Houses.pwn:23)
[06/11/20 22:55:27] [DEBUG] cache_get_value_name_float(2, "ExtA", 0x02A92F7C) (../gamemodes/Includes/Properties/Houses.pwn:24)
[06/11/20 22:55:27] [DEBUG] cache_get_value_name_float: assigned value: '63.7462' (../gamemodes/Includes/Properties/Houses.pwn:24)
[06/11/20 22:55:27] [DEBUG] cache_get_value_name_float: return value: '1' (../gamemodes/Includes/Properties/Houses.pwn:24)
[06/11/20 22:55:27] [DEBUG] cache_get_value_name_float(2, "IntX", 0x02A92F80) (../gamemodes/Includes/Properties/Houses.pwn:25)
[06/11/20 22:55:27] [DEBUG] cache_get_value_name_float: assigned value: '1434.13' (../gamemodes/Includes/Properties/Houses.pwn:25)
[06/11/20 22:55:27] [DEBUG] cache_get_value_name_float: return value: '1' (../gamemodes/Includes/Properties/Houses.pwn:25)
[06/11/20 22:55:27] [DEBUG] cache_get_value_name_float(2, "IntY", 0x02A92F84) (../gamemodes/Includes/Properties/Houses.pwn:26)
[06/11/20 22:55:27] [DEBUG] cache_get_value_name_float: assigned value: '-2162.12' (../gamemodes/Includes/Properties/Houses.pwn:26)
[06/11/20 22:55:27] [DEBUG] cache_get_value_name_float: return value: '1' (../gamemodes/Includes/Properties/Houses.pwn:26)
[06/11/20 22:55:27] [DEBUG] cache_get_value_name_float(2, "IntZ", 0x02A92F88) (../gamemodes/Includes/Properties/Houses.pwn:27)
[06/11/20 22:55:27] [DEBUG] cache_get_value_name_float: assigned value: '13.5469' (../gamemodes/Includes/Properties/Houses.pwn:27)
[06/11/20 22:55:27] [DEBUG] cache_get_value_name_float: return value: '1' (../gamemodes/Includes/Properties/Houses.pwn:27)
[06/11/20 22:55:27] [DEBUG] cache_get_value_name_float(2, "IntA", 0x02A92F8C) (../gamemodes/Includes/Properties/Houses.pwn:28)
[06/11/20 22:55:27] [DEBUG] cache_get_value_name_float: assigned value: '63.7462' (../gamemodes/Includes/Properties/Houses.pwn:28)
[06/11/20 22:55:27] [DEBUG] cache_get_value_name_float: return value: '1' (../gamemodes/Includes/Properties/Houses.pwn:28)
[06/11/20 22:55:27] [DEBUG] cache_get_value_name_int(2, "IntID", 0x02A92F90) (../gamemodes/Includes/Properties/Houses.pwn:30)
[06/11/20 22:55:27] [DEBUG] cache_get_value_name_int: assigned value: '0' (../gamemodes/Includes/Properties/Houses.pwn:30)
[06/11/20 22:55:27] [DEBUG] cache_get_value_name_int: return value: '1' (../gamemodes/Includes/Properties/Houses.pwn:30)
[06/11/20 22:55:27] [DEBUG] cache_get_value_name_int(2, "Price", 0x02A92F94) (../gamemodes/Includes/Properties/Houses.pwn:31)
[06/11/20 22:55:27] [DEBUG] cache_get_value_name_int: assigned value: '500000' (../gamemodes/Includes/Properties/Houses.pwn:31)
[06/11/20 22:55:27] [DEBUG] cache_get_value_name_int: return value: '1' (../gamemodes/Includes/Properties/Houses.pwn:31)
[06/11/20 22:55:27] [DEBUG] cache_get_value_name_int(2, "Pickup", 0x02A92F98) (../gamemodes/Includes/Properties/Houses.pwn:32)
[06/11/20 22:55:27] [ERROR] cache_get_value_name_int: field 'Pickup' not found (../gamemodes/Includes/Properties/Houses.pwn:32)
[06/11/20 22:55:27] [DEBUG] cache_get_value_name_int(3, "id", 0x02A92FA0) (../gamemodes/Includes/Properties/Houses.pwn:17)
[06/11/20 22:55:27] [DEBUG] cache_get_value_name_int: assigned value: '4' (../gamemodes/Includes/Properties/Houses.pwn:17)
[06/11/20 22:55:27] [DEBUG] cache_get_value_name_int: return value: '1' (../gamemodes/Includes/Properties/Houses.pwn:17)
[06/11/20 22:55:27] [DEBUG] cache_get_value_name_int(3, "OwnerID", 0x02A92FA4) (../gamemodes/Includes/Properties/Houses.pwn:18)
[06/11/20 22:55:27] [ERROR] cache_get_value_name_int: field 'OwnerID' not found (../gamemodes/Includes/Properties/Houses.pwn:18)
[06/11/20 22:55:27] [DEBUG] cache_get_value_name(3, "Name", 0x02A92FA8, 40) (../gamemodes/Includes/Properties/Houses.pwn:19)
[06/11/20 22:55:27] [DEBUG] cache_get_value_name: assigned value: 'TEst' (../gamemodes/Includes/Properties/Houses.pwn:19)
[06/11/20 22:55:27] [DEBUG] cache_get_value_name: return value: '1' (../gamemodes/Includes/Properties/Houses.pwn:19)
[06/11/20 22:55:27] [DEBUG] cache_get_value_name_float(3, "ExtX", 0x02A93048) (../gamemodes/Includes/Properties/Houses.pwn:21)
[06/11/20 22:55:27] [DEBUG] cache_get_value_name_float: assigned value: '1265.71' (../gamemodes/Includes/Properties/Houses.pwn:21)
[06/11/20 22:55:27] [DEBUG] cache_get_value_name_float: return value: '1' (../gamemodes/Includes/Properties/Houses.pwn:21)
[06/11/20 22:55:27] [DEBUG] cache_get_value_name_float(3, "ExtY", 0x02A9304C) (../gamemodes/Includes/Properties/Houses.pwn:22)
[06/11/20 22:55:27] [DEBUG] cache_get_value_name_float: assigned value: '-2301.07' (../gamemodes/Includes/Properties/Houses.pwn:22)
[06/11/20 22:55:27] [DEBUG] cache_get_value_name_float: return value: '1' (../gamemodes/Includes/Properties/Houses.pwn:22)
[06/11/20 22:55:27] [DEBUG] cache_get_value_name_float(3, "ExtZ", 0x02A93050) (../gamemodes/Includes/Properties/Houses.pwn:23)
[06/11/20 22:55:27] [DEBUG] cache_get_value_name_float: assigned value: '12.2474' (../gamemodes/Includes/Properties/Houses.pwn:23)
[06/11/20 22:55:27] [DEBUG] cache_get_value_name_float: return value: '1' (../gamemodes/Includes/Properties/Houses.pwn:23)
[06/11/20 22:55:27] [DEBUG] cache_get_value_name_float(3, "ExtA", 0x02A93054) (../gamemodes/Includes/Properties/Houses.pwn:24)
[06/11/20 22:55:27] [DEBUG] cache_get_value_name_float: assigned value: '304.29' (../gamemodes/Includes/Properties/Houses.pwn:24)
[06/11/20 22:55:27] [DEBUG] cache_get_value_name_float: return value: '1' (../gamemodes/Includes/Properties/Houses.pwn:24)
[06/11/20 22:55:27] [DEBUG] cache_get_value_name_float(3, "IntX", 0x02A93058) (../gamemodes/Includes/Properties/Houses.pwn:25)
[06/11/20 22:55:27] [DEBUG] cache_get_value_name_float: assigned value: '1265.71' (../gamemodes/Includes/Properties/Houses.pwn:25)
[06/11/20 22:55:27] [DEBUG] cache_get_value_name_float: return value: '1' (../gamemodes/Includes/Properties/Houses.pwn:25)
[06/11/20 22:55:27] [DEBUG] cache_get_value_name_float(3, "IntY", 0x02A9305C) (../gamemodes/Includes/Properties/Houses.pwn:26)
[06/11/20 22:55:27] [DEBUG] cache_get_value_name_float: assigned value: '-2301.07' (../gamemodes/Includes/Properties/Houses.pwn:26)
[06/11/20 22:55:27] [DEBUG] cache_get_value_name_float: return value: '1' (../gamemodes/Includes/Properties/Houses.pwn:26)
[06/11/20 22:55:27] [DEBUG] cache_get_value_name_float(3, "IntZ", 0x02A93060) (../gamemodes/Includes/Properties/Houses.pwn:27)
[06/11/20 22:55:27] [DEBUG] cache_get_value_name_float: assigned value: '12.2474' (../gamemodes/Includes/Properties/Houses.pwn:27)
[06/11/20 22:55:27] [DEBUG] cache_get_value_name_float: return value: '1' (../gamemodes/Includes/Properties/Houses.pwn:27)
[06/11/20 22:55:27] [DEBUG] cache_get_value_name_float(3, "IntA", 0x02A93064) (../gamemodes/Includes/Properties/Houses.pwn:28)
[06/11/20 22:55:27] [DEBUG] cache_get_value_name_float: assigned value: '304.29' (../gamemodes/Includes/Properties/Houses.pwn:28)
[06/11/20 22:55:27] [DEBUG] cache_get_value_name_float: return value: '1' (../gamemodes/Includes/Properties/Houses.pwn:28)
[06/11/20 22:55:27] [DEBUG] cache_get_value_name_int(3, "IntID", 0x02A93068) (../gamemodes/Includes/Properties/Houses.pwn:30)
[06/11/20 22:55:27] [DEBUG] cache_get_value_name_int: assigned value: '0' (../gamemodes/Includes/Properties/Houses.pwn:30)
[06/11/20 22:55:27] [DEBUG] cache_get_value_name_int: return value: '1' (../gamemodes/Includes/Properties/Houses.pwn:30)
[06/11/20 22:55:27] [DEBUG] cache_get_value_name_int(3, "Price", 0x02A9306C) (../gamemodes/Includes/Properties/Houses.pwn:31)
[06/11/20 22:55:27] [DEBUG] cache_get_value_name_int: assigned value: '999' (../gamemodes/Includes/Properties/Houses.pwn:31)
[06/11/20 22:55:27] [DEBUG] cache_get_value_name_int: return value: '1' (../gamemodes/Includes/Properties/Houses.pwn:31)
[06/11/20 22:55:27] [DEBUG] cache_get_value_name_int(3, "Pickup", 0x02A93070) (../gamemodes/Includes/Properties/Houses.pwn:32)
[06/11/20 22:55:27] [ERROR] cache_get_value_name_int: field 'Pickup' not found (../gamemodes/Includes/Properties/Houses.pwn:32)
[06/11/20 22:55:28] [DEBUG] AMX callback executed with error '0'
[06/11/20 22:55:28] [INFO] Callback successfully executed.
[06/11/20 22:57:04] [DEBUG] mysql_close(1) (C:\Users\jasin\Desktop\SARP\gamemodes\test.pwn:40)
[06/11/20 22:57:04] [DEBUG] CHandleManager::Destroy(this=0x6fda08, handle=0x6f86f0)
[06/11/20 22:57:04] [DEBUG] CHandle::~CHandle(this=0x6f86f0)
[06/11/20 22:57:04] [DEBUG] CConnection::~CConnection(this=0x6fff60, connection=0x714c48)
[06/11/20 22:57:04] [DEBUG] CThreadedConnection::~CThreadedConnection(this=0x4196020, connection=0x4196020)
[06/11/20 22:57:04] [DEBUG] CThreadedConnection::WorkerFunc(this=0x4196020, connection=0x4196020) - shutting down
[06/11/20 22:57:04] [DEBUG] CConnection::~CConnection(this=0x4196020, connection=0x71fc70)
[06/11/20 22:57:04] [DEBUG] CConnectionPool::~CConnectionPool(this=0x700a60)
[06/11/20 22:57:04] [DEBUG] CThreadedConnection::~CThreadedConnection(this=0x4530020, connection=0x4530020)
[06/11/20 22:57:04] [DEBUG] CThreadedConnection::WorkerFunc(this=0x4530020, connection=0x4530020) - shutting down
[06/11/20 22:57:04] [DEBUG] CConnection::~CConnection(this=0x4530020, connection=0x7325d8)
[06/11/20 22:57:04] [DEBUG] CThreadedConnection::~CThreadedConnection(this=0x4366020, connection=0x4366020)
[06/11/20 22:57:04] [DEBUG] CThreadedConnection::WorkerFunc(this=0x4366020, connection=0x4366020) - shutting down
[06/11/20 22:57:04] [DEBUG] CConnection::~CConnection(this=0x4366020, connection=0x7296a0)
[06/11/20 22:57:04] [DEBUG] mysql_close: return value: '1' (C:\Users\jasin\Desktop\SARP\gamemodes\test.pwn:40)
[06/11/20 22:57:07] [ERROR] cache_get_value_name_int: field 'OwnerID' not found (../gamemodes/Includes/Properties/Houses.pwn:18)
[06/11/20 22:57:07] [ERROR] cache_get_value_name_int: field 'Pickup' not found (../gamemodes/Includes/Properties/Houses.pwn:32)
[06/11/20 22:57:07] [ERROR] cache_get_value_name_int: field 'OwnerID' not found (../gamemodes/Includes/Properties/Houses.pwn:18)
[06/11/20 22:57:07] [ERROR] cache_get_value_name_int: field 'Pickup' not found (../gamemodes/Includes/Properties/Houses.pwn:32)
[06/11/20 22:57:07] [ERROR] cache_get_value_name_int: field 'OwnerID' not found (../gamemodes/Includes/Properties/Houses.pwn:18)
[06/11/20 22:57:07] [ERROR] cache_get_value_name_int: field 'Pickup' not found (../gamemodes/Includes/Properties/Houses.pwn:32)
[06/11/20 22:57:07] [ERROR] cache_get_value_name_int: field 'OwnerID' not found (../gamemodes/Includes/Properties/Houses.pwn:18)
[06/11/20 22:57:07] [ERROR] cache_get_value_name_int: field 'Pickup' not found (../gamemodes/Includes/Properties/Houses.pwn:32)
[06/11/20 22:57:22] [ERROR] cache_get_value_name_int: field 'OwnerID' not found (../gamemodes/Includes/Properties/Houses.pwn:18)
[06/11/20 22:57:22] [ERROR] cache_get_value_name_int: field 'Pickup' not found (../gamemodes/Includes/Properties/Houses.pwn:32)
[06/11/20 22:57:22] [ERROR] cache_get_value_name_int: field 'OwnerID' not found (../gamemodes/Includes/Properties/Houses.pwn:18)
[06/11/20 22:57:22] [ERROR] cache_get_value_name_int: field 'Pickup' not found (../gamemodes/Includes/Properties/Houses.pwn:32)
[06/11/20 22:57:22] [ERROR] cache_get_value_name_int: field 'OwnerID' not found (../gamemodes/Includes/Properties/Houses.pwn:18)
[06/11/20 22:57:22] [ERROR] cache_get_value_name_int: field 'Pickup' not found (../gamemodes/Includes/Properties/Houses.pwn:32)
[06/11/20 22:57:22] [ERROR] cache_get_value_name_int: field 'OwnerID' not found (../gamemodes/Includes/Properties/Houses.pwn:18)
[06/11/20 22:57:22] [ERROR] cache_get_value_name_int: field 'Pickup' not found (../gamemodes/Includes/Properties/Houses.pwn:32)
[06/11/20 22:57:36] [ERROR] cache_get_value_name_int: field 'AdminLevel' not found (../gamemodes/Includes/Publics.pwn:10)
[06/11/20 23:20:28] [ERROR] cache_get_value_name_int: field 'OwnerID' not found
[06/11/20 23:20:28] [ERROR] cache_get_value_name_int: field 'Pickup' not found
[06/11/20 23:20:28] [ERROR] cache_get_value_name_int: field 'OwnerID' not found
[06/11/20 23:20:28] [ERROR] cache_get_value_name_int: field 'Pickup' not found
[06/11/20 23:20:28] [ERROR] cache_get_value_name_int: field 'OwnerID' not found
[06/11/20 23:20:28] [ERROR] cache_get_value_name_int: field 'Pickup' not found
[06/11/20 23:20:28] [ERROR] cache_get_value_name_int: field 'OwnerID' not found
[06/11/20 23:20:28] [ERROR] cache_get_value_name_int: field 'Pickup' not found
[06/11/20 23:20:59] [ERROR] cache_get_value_name_int: field 'AdminLevel' not found
